{"level":"info","message":"Received request: GET /mangas"}
{"level":"info","message":"Received request: POST /mangas"}
{"level":"info","message":"Received request: POST /mangas"}
{"level":"info","message":"Received request: POST /mangas"}
{"level":"info","message":"Received request: POST /mangas"}
{"level":"info","message":"Received request: GET /mangas"}
{"level":"info","message":"Received request: PUT /mangas/4"}
{"level":"info","message":"Received request: POST /mangas"}
{"level":"info","message":"Received request: POST /mangas"}
{"level":"info","message":"Received request: POST /mangas"}
{"level":"info","message":"Received request: PUT /mangas/4"}
{"level":"info","message":"Received request: PUT /mangas/4"}
{"level":"info","message":"Received request: PUT /mangas/4"}
{"level":"info","message":"Received request: PUT /mangas/4"}
{"level":"info","message":"Received request: PUT /mangas/4"}
{"level":"info","message":"Received request: POST /mangas"}
{"level":"info","message":"Received request: GET /mangas"}
{"level":"info","message":"Received request: POST /mangas"}
{"level":"info","message":"Received request: POST /mangas"}
{"level":"info","message":"Received request: POST /mangas"}
{"level":"info","message":"Received request: GET /mangas"}
{"level":"info","message":"Received request: DELETE /mangas/5"}
{"level":"info","message":"Received request: GET /mangas"}
{"level":"info","message":"Received request: GET /mangas/7"}
